[Generation License information] 09/10/15 09:57 Previous used configuration : None.
Connecting to license manager...
[Generation License information] 09/10/15 09:57 Connected to license manager : BLM
[Generation License information] 09/10/15 09:57 Testing availability for feature named "MIA_GEN_DEVELOPER" : available
[Generation License information] 09/10/15 09:57 Testing availability for feature named "MIA_GEN_ARCHITECT" : available
[Generation License information] 09/10/15 09:57 Retrieving licenses information from : /comptes/E114420U/M2/option/com.mia.studio.ide-2015-09-10_11-50-35.gtk.x86_64/licenses/license.dat
Selecting the needed edition and distribution...
[Generation License information] 09/10/15 09:57 Selected feature : MIA_GEN_ARCHITECT
[Generation License information] 09/10/15 09:57 Obtained feature : MIA_GEN_ARCHITECT
[Generation License information] 09/10/15 09:57 Feature provided by : /comptes/E114420U/M2/option/com.mia.studio.ide-2015-09-10_11-50-35.gtk.x86_64/licenses/license.dat
[Generation License information] 09/10/15 09:57 Current configuration : ARCHITECT ENTERPRISE
[Mia-Studio Log information] Log messages will be archived into /comptes/E114420U/M2/option/com.mia.studio.ide-2015-09-10_11-50-35.gtk.x86_64/workspace2/.metadata/.plugins/com.mia.studio.common.core/9.2/Mia-Generation/log
nd distribution...
[Generation License information] 09/10/15 09:57 Selected feature : MIA_GEN_ARCHITECT
[Generation License information] 09/10/15 09:57 Selected feature : MIA_GEN_ARCHITECT
[Generation License information] 09/10/15 09:57 Obtained feature : MIA_GEN_ARCHITECT
[Generation License information] 09/10/15 09:57 Obtained feature : MIA_GEN_ARCHITECT
[Generation License information] 09/10/15 09:57 Feature provided by : /comptes/E114420U/M2/option/com.mia.studio.ide-2015-09-10_11-50-35.gtk.x86_64/licenses/license.dat
[Generation License information] 09/10/15 09:57 Feature provided by : /comptes/E114420U/M2/option/com.mia.studio.ide-2015-09-10_11-50-35.gtk.x86_64/licenses/license.dat
[Generation License information] 09/10/15 09:57 Current configuration : ARCHITECT ENTERPRISE
[Generation License information] 09/10/15 09:57 Current configuration : ARCHITECT ENTERPRISE
[Mia-Studio Log information] Log messages will be archived into /comptes/E114420U/M2/option/com.mia.studio.ide-2015-09-10_11-50-35.gtk.x86_64/workspace2/.metadata/.plugins/com.mia.studio.common.core/9.2/Mia-Generation/log
[Mia-Studio Log information] Log messages will be archived into /comptes/E114420U/M2/option/com.mia.studio.ide-2015-09-10_11-50-35.gtk.x86_64/workspace2/.metadata/.plugins/com.mia.studio.common.core/9.2/Mia-Generation/log
[Transformation License information] 09/10/15 09:57 Previous used configuration : None.
[Transformation License information] 09/10/15 09:57 Previous used configuration : None.
Connecting to license manager...
Connecting to license manager...
[Transformation License information] 09/10/15 09:57 Connected to license manager : BLM
[Transformation License information] 09/10/15 09:57 Connected to license manager : BLM
[Transformation License information] 09/10/15 09:57 Testing availability for feature named "MIA_TRANS_ARCHITECT" : available
[Transformation License information] 09/10/15 09:57 Testing availability for feature named "MIA_TRANS_ARCHITECT" : available
[Transformation License information] 09/10/15 09:57 Testing availability for feature named "MIA_TRANS_DEVELOPER" : available
[Transformation License information] 09/10/15 09:57 Testing availability for feature named "MIA_TRANS_DEVELOPER" : available
[Transformation License information] 09/10/15 09:57 Retrieving licenses information from : /comptes/E114420U/M2/option/com.mia.studio.ide-2015-09-10_11-50-35.gtk.x86_64/licenses/license.dat
[Transformation License information] 09/10/15 09:57 Retrieving licenses information from : /comptes/E114420U/M2/option/com.mia.studio.ide-2015-09-10_11-50-35.gtk.x86_64/licenses/license.dat
Selecting the needed edition and distribution...
Selecting the needed edition and distribution...
[Transformation License information] 09/10/15 09:57 Selected feature : MIA_TRANS_ARCHITECT
[Transformation License information] 09/10/15 09:57 Selected feature : MIA_TRANS_ARCHITECT
[Transformation License information] 09/10/15 09:57 Obtained feature : MIA_TRANS_ARCHITECT
[Transformation License information] 09/10/15 09:57 Obtained feature : MIA_TRANS_ARCHITECT
[Transformation License information] 09/10/15 09:57 Feature provided by : /comptes/E114420U/M2/option/com.mia.studio.ide-2015-09-10_11-50-35.gtk.x86_64/licenses/license.dat
[Transformation License information] 09/10/15 09:57 Feature provided by : /comptes/E114420U/M2/option/com.mia.studio.ide-2015-09-10_11-50-35.gtk.x86_64/licenses/license.dat
[Transformation License information] 09/10/15 09:57 Current configuration : ARCHITECT ENTERPRISE
[Transformation License information] 09/10/15 09:57 Current configuration : ARCHITECT ENTERPRISE
