[Generation License information] 09/10/15 09:49 Previous used configuration : Architect Enterprise.
Connecting to license manager...
[Generation License information] 09/10/15 09:49 Connected to license manager : BLM
[Generation License information] 09/10/15 09:49 Testing availability for feature named "MIA_GEN_DEVELOPER" : available
[Generation License information] 09/10/15 09:49 Testing availability for feature named "MIA_GEN_ARCHITECT" : available
[Generation License information] 09/10/15 09:49 Retrieving licenses information from : /comptes/E114420U/M2/option/com.mia.studio.ide-2015-09-10_11-50-35.gtk.x86_64/licenses/license.dat
[Generation License information] 09/10/15 09:49 Obtained feature : MIA_GEN_ARCHITECT
[Generation License information] 09/10/15 09:49 Feature provided by : /comptes/E114420U/M2/option/com.mia.studio.ide-2015-09-10_11-50-35.gtk.x86_64/licenses/license.dat
[Generation License information] 09/10/15 09:49 Current configuration : ARCHITECT ENTERPRISE
[Mia-Studio Log information] Log messages will be archived into /comptes/E114420U/M2/option/com.mia.studio.ide-2015-09-10_11-50-35.gtk.x86_64/$/.metadata/.plugins/com.mia.studio.common.core/9.2/Mia-Generation/log
2/option/com.mia.studio.ide-2015-09-10_11-50-35.gtk.x86_64/licenses/license.dat
[Generation License information] 09/10/15 09:49 Obtained feature : MIA_GEN_ARCHITECT
[Generation License information] 09/10/15 09:49 Obtained feature : MIA_GEN_ARCHITECT
[Generation License information] 09/10/15 09:49 Feature provided by : /comptes/E114420U/M2/option/com.mia.studio.ide-2015-09-10_11-50-35.gtk.x86_64/licenses/license.dat
[Generation License information] 09/10/15 09:49 Feature provided by : /comptes/E114420U/M2/option/com.mia.studio.ide-2015-09-10_11-50-35.gtk.x86_64/licenses/license.dat
[Generation License information] 09/10/15 09:49 Current configuration : ARCHITECT ENTERPRISE
[Generation License information] 09/10/15 09:49 Current configuration : ARCHITECT ENTERPRISE
[Mia-Studio Log information] Log messages will be archived into /comptes/E114420U/M2/option/com.mia.studio.ide-2015-09-10_11-50-35.gtk.x86_64/$/.metadata/.plugins/com.mia.studio.common.core/9.2/Mia-Generation/log
[Mia-Studio Log information] Log messages will be archived into /comptes/E114420U/M2/option/com.mia.studio.ide-2015-09-10_11-50-35.gtk.x86_64/$/.metadata/.plugins/com.mia.studio.common.core/9.2/Mia-Generation/log
[Transformation License information] 09/10/15 09:49 Previous used configuration : Architect Enterprise.
[Transformation License information] 09/10/15 09:49 Previous used configuration : Architect Enterprise.
Connecting to license manager...
Connecting to license manager...
[Transformation License information] 09/10/15 09:49 Connected to license manager : BLM
[Transformation License information] 09/10/15 09:49 Connected to license manager : BLM
[Transformation License information] 09/10/15 09:49 Testing availability for feature named "MIA_TRANS_ARCHITECT" : available
[Transformation License information] 09/10/15 09:49 Testing availability for feature named "MIA_TRANS_ARCHITECT" : available
[Transformation License information] 09/10/15 09:49 Testing availability for feature named "MIA_TRANS_DEVELOPER" : available
[Transformation License information] 09/10/15 09:49 Testing availability for feature named "MIA_TRANS_DEVELOPER" : available
[Transformation License information] 09/10/15 09:49 Retrieving licenses information from : /comptes/E114420U/M2/option/com.mia.studio.ide-2015-09-10_11-50-35.gtk.x86_64/licenses/license.dat
[Transformation License information] 09/10/15 09:49 Retrieving licenses information from : /comptes/E114420U/M2/option/com.mia.studio.ide-2015-09-10_11-50-35.gtk.x86_64/licenses/license.dat
[Transformation License information] 09/10/15 09:49 Obtained feature : MIA_TRANS_ARCHITECT
[Transformation License information] 09/10/15 09:49 Obtained feature : MIA_TRANS_ARCHITECT
[Transformation License information] 09/10/15 09:49 Feature provided by : /comptes/E114420U/M2/option/com.mia.studio.ide-2015-09-10_11-50-35.gtk.x86_64/licenses/license.dat
[Transformation License information] 09/10/15 09:49 Feature provided by : /comptes/E114420U/M2/option/com.mia.studio.ide-2015-09-10_11-50-35.gtk.x86_64/licenses/license.dat
[Transformation License information] 09/10/15 09:49 Current configuration : ARCHITECT ENTERPRISE
[Transformation License information] 09/10/15 09:49 Current configuration : ARCHITECT ENTERPRISE
