ven. 13 nov. 15 -- 9:54:11:771 : GENERATION STARTED 
Applying profile on models...
done.
Evaluation of interface on Banque...
done.
Evaluation of classes on Banque...
done.
Evaluation of interface on Client...
done.
Evaluation of classes on Client...
done.
Evaluation of interface on Compte...
done.
Evaluation of classes on Compte...
done.
Evaluation of interface on Operation...
done.
Evaluation of classes on Operation...
done.
ven. 13 nov. 15 -- 9:54:12:429 : COMPLETED
ven. 13 nov. 15 -- 10:04:44:105 : GENERATION STARTED 
Applying profile on models...
done.
Evaluation of interface on Banque...
done.
Evaluation of classes on Banque...
done.
Evaluation of interface on Client...
done.
Evaluation of classes on Client...
done.
Evaluation of interface on Compte...
done.
Evaluation of classes on Compte...
done.
Evaluation of interface on Operation...
done.
Evaluation of classes on Operation...
done.
ven. 13 nov. 15 -- 10:04:44:451 : COMPLETED
ven. 13 nov. 15 -- 10:13:55:235 : GENERATION STARTED 
Applying profile on models...
done.
Evaluation of interface on Banque...
done.
Evaluation of classes on Banque...
done.
Evaluation of interface on Client...
done.
Evaluation of classes on Client...
done.
Evaluation of interface on Compte...
done.
Evaluation of classes on Compte...
done.
Evaluation of interface on Operation...
done.
Evaluation of classes on Operation...
done.
ven. 13 nov. 15 -- 10:13:55:725 : COMPLETED
ven. 13 nov. 15 -- 10:15:26:854 : GENERATION STARTED 
Applying profile on models...
done.
Evaluation of interface on Banque...
done.
Evaluation of classes on Banque...
done.
Evaluation of interface on Client...
done.
Evaluation of classes on Client...
done.
Evaluation of interface on Compte...
done.
Evaluation of classes on Compte...
done.
Evaluation of interface on Operation...
done.
Evaluation of classes on Operation...
done.
ven. 13 nov. 15 -- 10:15:27:153 : COMPLETED
ven. 13 nov. 15 -- 10:17:33:328 : GENERATION STARTED 
Applying profile on models...
done.
Evaluation of interface on Banque...
done.
Evaluation of classes on Banque...
done.
Evaluation of interface on Client...
done.
Evaluation of classes on Client...
done.
Evaluation of interface on Compte...
done.
Evaluation of classes on Compte...
done.
Evaluation of interface on Operation...
done.
Evaluation of classes on Operation...
done.
ven. 13 nov. 15 -- 10:17:33:596 : COMPLETED
ven. 13 nov. 15 -- 10:23:24:289 : GENERATION STARTED 
Applying profile on models...
done.
Evaluation of interface on Banque...
done.
Evaluation of classes on Banque...
done.
Evaluation of interface on Client...
done.
Evaluation of classes on Client...
done.
Evaluation of interface on Compte...
done.
Evaluation of classes on Compte...
done.
Evaluation of interface on Operation...
done.
Evaluation of classes on Operation...
done.
ven. 13 nov. 15 -- 10:23:24:659 : COMPLETED
ven. 13 nov. 15 -- 10:27:44:235 : GENERATION STARTED 
Applying profile on models...
done.
Evaluation of interface on Banque...
done.
Evaluation of classes on Banque...
done.
Evaluation of interface on Client...
done.
Evaluation of classes on Client...
done.
Evaluation of interface on Compte...
done.
Evaluation of classes on Compte...
done.
Evaluation of interface on Operation...
done.
Evaluation of classes on Operation...
done.
ven. 13 nov. 15 -- 10:27:44:556 : COMPLETED
ven. 13 nov. 15 -- 10:28:55:799 : GENERATION STARTED 
Applying profile on models...
done.
Evaluation of interface on Banque...
done.
Evaluation of classes on Banque...
done.
Evaluation of interface on Client...
done.
Evaluation of classes on Client...
done.
Evaluation of interface on Compte...
done.
Evaluation of classes on Compte...
done.
Evaluation of interface on Operation...
done.
Evaluation of classes on Operation...
done.
ven. 13 nov. 15 -- 10:28:56:166 : COMPLETED
ven. 13 nov. 15 -- 10:44:49:541 : GENERATION STARTED 
Applying profile on models...
done.
Evaluation of interface on Banque...
done.
Evaluation of classes on Banque...
done.
Evaluation of interface on Client...
done.
Evaluation of classes on Client...
done.
Evaluation of interface on Compte...
done.
Evaluation of classes on Compte...
done.
Evaluation of interface on Operation...
done.
Evaluation of classes on Operation...
done.
ven. 13 nov. 15 -- 10:44:50:060 : COMPLETED
ven. 13 nov. 15 -- 10:45:42:950 : GENERATION STARTED 
Applying profile on models...
done.
Evaluation of interface on Banque...
done.
Evaluation of classes on Banque...
done.
Evaluation of interface on Client...
done.
Evaluation of classes on Client...
done.
Evaluation of interface on Compte...
done.
Evaluation of classes on Compte...
done.
Evaluation of interface on Operation...
done.
Evaluation of classes on Operation...
done.
ven. 13 nov. 15 -- 10:45:43:258 : COMPLETED
ven. 13 nov. 15 -- 10:46:46:969 : GENERATION STARTED 
Applying profile on models...
done.
Evaluation of interface on Banque...
done.
Writing file: /comptes/E114420U/M2/option/com.mia.studio.ide-2015-09-10_11-50-35.gtk.x86_64/workspace/com.mia.banque.application.generated/src/com/mia/miniprojet/mvc2java/generation/model/IBanque.java...
done.
Evaluation of classes on Banque...
done.
Writing file: /comptes/E114420U/M2/option/com.mia.studio.ide-2015-09-10_11-50-35.gtk.x86_64/workspace/com.mia.banque.application.generated/src/com/mia/miniprojet/mvc2java/generation/model/impl/Banque.java...
done.
Evaluation of interface on Client...
done.
Writing file: /comptes/E114420U/M2/option/com.mia.studio.ide-2015-09-10_11-50-35.gtk.x86_64/workspace/com.mia.banque.application.generated/src/com/mia/miniprojet/mvc2java/generation/model/IClient.java...
done.
Evaluation of classes on Client...
done.
Writing file: /comptes/E114420U/M2/option/com.mia.studio.ide-2015-09-10_11-50-35.gtk.x86_64/workspace/com.mia.banque.application.generated/src/com/mia/miniprojet/mvc2java/generation/model/impl/Client.java...
done.
Evaluation of interface on Compte...
done.
Writing file: /comptes/E114420U/M2/option/com.mia.studio.ide-2015-09-10_11-50-35.gtk.x86_64/workspace/com.mia.banque.application.generated/src/com/mia/miniprojet/mvc2java/generation/model/ICompte.java...
done.
Evaluation of classes on Compte...
done.
Writing file: /comptes/E114420U/M2/option/com.mia.studio.ide-2015-09-10_11-50-35.gtk.x86_64/workspace/com.mia.banque.application.generated/src/com/mia/miniprojet/mvc2java/generation/model/impl/Compte.java...
done.
Evaluation of interface on Operation...
done.
Writing file: /comptes/E114420U/M2/option/com.mia.studio.ide-2015-09-10_11-50-35.gtk.x86_64/workspace/com.mia.banque.application.generated/src/com/mia/miniprojet/mvc2java/generation/model/IOperation.java...
done.
Evaluation of classes on Operation...
done.
Writing file: /comptes/E114420U/M2/option/com.mia.studio.ide-2015-09-10_11-50-35.gtk.x86_64/workspace/com.mia.banque.application.generated/src/com/mia/miniprojet/mvc2java/generation/model/impl/Operation.java...
done.
ven. 13 nov. 15 -- 10:46:47:798 : COMPLETED
ven. 13 nov. 15 -- 10:50:04:909 : GENERATION STARTED 
Applying profile on models...
done.
Evaluation of interface on Banque...
done.
Writing file: /comptes/E114420U/M2/option/com.mia.studio.ide-2015-09-10_11-50-35.gtk.x86_64/workspace/com.mia.banque.application.generated/src/com/mia/miniprojet/mvc2java/generation/model/IBanque.java...
done.
Evaluation of classes on Banque...
done.
Writing file: /comptes/E114420U/M2/option/com.mia.studio.ide-2015-09-10_11-50-35.gtk.x86_64/workspace/com.mia.banque.application.generated/src/com/mia/miniprojet/mvc2java/generation/model/impl/Banque.java...
done.
Evaluation of interface on Client...
done.
Writing file: /comptes/E114420U/M2/option/com.mia.studio.ide-2015-09-10_11-50-35.gtk.x86_64/workspace/com.mia.banque.application.generated/src/com/mia/miniprojet/mvc2java/generation/model/IClient.java...
done.
Evaluation of classes on Client...
done.
Writing file: /comptes/E114420U/M2/option/com.mia.studio.ide-2015-09-10_11-50-35.gtk.x86_64/workspace/com.mia.banque.application.generated/src/com/mia/miniprojet/mvc2java/generation/model/impl/Client.java...
done.
Evaluation of interface on Compte...
done.
Writing file: /comptes/E114420U/M2/option/com.mia.studio.ide-2015-09-10_11-50-35.gtk.x86_64/workspace/com.mia.banque.application.generated/src/com/mia/miniprojet/mvc2java/generation/model/ICompte.java...
done.
Evaluation of classes on Compte...
done.
Writing file: /comptes/E114420U/M2/option/com.mia.studio.ide-2015-09-10_11-50-35.gtk.x86_64/workspace/com.mia.banque.application.generated/src/com/mia/miniprojet/mvc2java/generation/model/impl/Compte.java...
done.
Evaluation of interface on Operation...
done.
Writing file: /comptes/E114420U/M2/option/com.mia.studio.ide-2015-09-10_11-50-35.gtk.x86_64/workspace/com.mia.banque.application.generated/src/com/mia/miniprojet/mvc2java/generation/model/IOperation.java...
done.
Evaluation of classes on Operation...
done.
Writing file: /comptes/E114420U/M2/option/com.mia.studio.ide-2015-09-10_11-50-35.gtk.x86_64/workspace/com.mia.banque.application.generated/src/com/mia/miniprojet/mvc2java/generation/model/impl/Operation.java...
done.
ven. 13 nov. 15 -- 10:50:05:518 : COMPLETED
ven. 13 nov. 15 -- 10:51:14:032 : GENERATION STARTED 
Applying profile on models...
done.
Evaluation of interface on Banque...
done.
Writing file: /comptes/E114420U/M2/option/com.mia.studio.ide-2015-09-10_11-50-35.gtk.x86_64/workspace/com.mia.banque.application.generated/src/com/mia/miniprojet/mvc2java/generation/model/IBanque.java...
done.
Evaluation of classes on Banque...
done.
Writing file: /comptes/E114420U/M2/option/com.mia.studio.ide-2015-09-10_11-50-35.gtk.x86_64/workspace/com.mia.banque.application.generated/src/com/mia/miniprojet/mvc2java/generation/model/impl/Banque.java...
done.
Evaluation of interface on Client...
done.
Writing file: /comptes/E114420U/M2/option/com.mia.studio.ide-2015-09-10_11-50-35.gtk.x86_64/workspace/com.mia.banque.application.generated/src/com/mia/miniprojet/mvc2java/generation/model/IClient.java...
done.
Evaluation of classes on Client...
done.
Writing file: /comptes/E114420U/M2/option/com.mia.studio.ide-2015-09-10_11-50-35.gtk.x86_64/workspace/com.mia.banque.application.generated/src/com/mia/miniprojet/mvc2java/generation/model/impl/Client.java...
done.
Evaluation of interface on Compte...
done.
Writing file: /comptes/E114420U/M2/option/com.mia.studio.ide-2015-09-10_11-50-35.gtk.x86_64/workspace/com.mia.banque.application.generated/src/com/mia/miniprojet/mvc2java/generation/model/ICompte.java...
done.
Evaluation of classes on Compte...
done.
Writing file: /comptes/E114420U/M2/option/com.mia.studio.ide-2015-09-10_11-50-35.gtk.x86_64/workspace/com.mia.banque.application.generated/src/com/mia/miniprojet/mvc2java/generation/model/impl/Compte.java...
done.
Evaluation of interface on Operation...
done.
Writing file: /comptes/E114420U/M2/option/com.mia.studio.ide-2015-09-10_11-50-35.gtk.x86_64/workspace/com.mia.banque.application.generated/src/com/mia/miniprojet/mvc2java/generation/model/IOperation.java...
done.
Evaluation of classes on Operation...
done.
Writing file: /comptes/E114420U/M2/option/com.mia.studio.ide-2015-09-10_11-50-35.gtk.x86_64/workspace/com.mia.banque.application.generated/src/com/mia/miniprojet/mvc2java/generation/model/impl/Operation.java...
done.
ven. 13 nov. 15 -- 10:51:14:562 : COMPLETED
ven. 13 nov. 15 -- 10:52:35:021 : GENERATION STARTED 
Applying profile on models...
done.
Evaluation of interface on Banque...
done.
Writing file: /comptes/E114420U/M2/option/com.mia.studio.ide-2015-09-10_11-50-35.gtk.x86_64/workspace/com.mia.banque.application.generated/src/com/mia/miniprojet/mvc2java/generation/model/IBanque.java...
done.
Evaluation of classes on Banque...
done.
Writing file: /comptes/E114420U/M2/option/com.mia.studio.ide-2015-09-10_11-50-35.gtk.x86_64/workspace/com.mia.banque.application.generated/src/com/mia/miniprojet/mvc2java/generation/model/impl/Banque.java...
done.
Evaluation of interface on Client...
done.
Writing file: /comptes/E114420U/M2/option/com.mia.studio.ide-2015-09-10_11-50-35.gtk.x86_64/workspace/com.mia.banque.application.generated/src/com/mia/miniprojet/mvc2java/generation/model/IClient.java...
done.
Evaluation of classes on Client...
done.
Writing file: /comptes/E114420U/M2/option/com.mia.studio.ide-2015-09-10_11-50-35.gtk.x86_64/workspace/com.mia.banque.application.generated/src/com/mia/miniprojet/mvc2java/generation/model/impl/Client.java...
done.
Evaluation of interface on Compte...
done.
Writing file: /comptes/E114420U/M2/option/com.mia.studio.ide-2015-09-10_11-50-35.gtk.x86_64/workspace/com.mia.banque.application.generated/src/com/mia/miniprojet/mvc2java/generation/model/ICompte.java...
done.
Evaluation of classes on Compte...
done.
Writing file: /comptes/E114420U/M2/option/com.mia.studio.ide-2015-09-10_11-50-35.gtk.x86_64/workspace/com.mia.banque.application.generated/src/com/mia/miniprojet/mvc2java/generation/model/impl/Compte.java...
done.
Evaluation of interface on Operation...
done.
Writing file: /comptes/E114420U/M2/option/com.mia.studio.ide-2015-09-10_11-50-35.gtk.x86_64/workspace/com.mia.banque.application.generated/src/com/mia/miniprojet/mvc2java/generation/model/IOperation.java...
done.
Evaluation of classes on Operation...
done.
Writing file: /comptes/E114420U/M2/option/com.mia.studio.ide-2015-09-10_11-50-35.gtk.x86_64/workspace/com.mia.banque.application.generated/src/com/mia/miniprojet/mvc2java/generation/model/impl/Operation.java...
done.
ven. 13 nov. 15 -- 10:52:35:589 : COMPLETED
ven. 13 nov. 15 -- 11:22:03:778 : GENERATION STARTED 
Applying profile on models...
done.
Evaluation of interface-view on BanqueView...
done.
Writing file: /comptes/E114420U/M2/option/com.mia.studio.ide-2015-09-10_11-50-35.gtk.x86_64/workspace/com.mia.banque.application.generated/src/com/mia/miniprojet/mvc2java/generation/ui/view/IBanqueView.java...
done.
Evaluation of interface-controler on BanqueView...
done.
Writing file: /comptes/E114420U/M2/option/com.mia.studio.ide-2015-09-10_11-50-35.gtk.x86_64/workspace/com.mia.banque.application.generated/src/com/mia/miniprojet/mvc2java/generation/ui/controler/IBanqueView.java...
done.
Evaluation of interface-view on ClientView...
done.
Writing file: /comptes/E114420U/M2/option/com.mia.studio.ide-2015-09-10_11-50-35.gtk.x86_64/workspace/com.mia.banque.application.generated/src/com/mia/miniprojet/mvc2java/generation/ui/view/IClientView.java...
done.
Evaluation of interface-controler on ClientView...
done.
Writing file: /comptes/E114420U/M2/option/com.mia.studio.ide-2015-09-10_11-50-35.gtk.x86_64/workspace/com.mia.banque.application.generated/src/com/mia/miniprojet/mvc2java/generation/ui/controler/IClientView.java...
done.
Evaluation of interface-view on CompteView...
done.
Writing file: /comptes/E114420U/M2/option/com.mia.studio.ide-2015-09-10_11-50-35.gtk.x86_64/workspace/com.mia.banque.application.generated/src/com/mia/miniprojet/mvc2java/generation/ui/view/ICompteView.java...
done.
Evaluation of interface-controler on CompteView...
done.
Writing file: /comptes/E114420U/M2/option/com.mia.studio.ide-2015-09-10_11-50-35.gtk.x86_64/workspace/com.mia.banque.application.generated/src/com/mia/miniprojet/mvc2java/generation/ui/controler/ICompteView.java...
done.
Evaluation of interface-view on OperationView...
done.
Writing file: /comptes/E114420U/M2/option/com.mia.studio.ide-2015-09-10_11-50-35.gtk.x86_64/workspace/com.mia.banque.application.generated/src/com/mia/miniprojet/mvc2java/generation/ui/view/IOperationView.java...
done.
Evaluation of interface-controler on OperationView...
done.
Writing file: /comptes/E114420U/M2/option/com.mia.studio.ide-2015-09-10_11-50-35.gtk.x86_64/workspace/com.mia.banque.application.generated/src/com/mia/miniprojet/mvc2java/generation/ui/controler/IOperationView.java...
done.
ven. 13 nov. 15 -- 11:22:04:601 : COMPLETED
ven. 13 nov. 15 -- 11:25:20:967 : GENERATION STARTED 
Applying profile on models...
done.
Evaluation of interface-view on BanqueView...
done.
Writing file: /comptes/E114420U/M2/option/com.mia.studio.ide-2015-09-10_11-50-35.gtk.x86_64/workspace/com.mia.banque.application.generated/src/com/mia/miniprojet/mvc2java/generation/ui/view/IBanqueView.java...
done.
Evaluation of interface-controler on BanqueView...
done.
Writing file: /comptes/E114420U/M2/option/com.mia.studio.ide-2015-09-10_11-50-35.gtk.x86_64/workspace/com.mia.banque.application.generated/src/com/mia/miniprojet/mvc2java/generation/ui/controler/IBanqueView.java...
done.
Evaluation of interface-view on ClientView...
done.
Writing file: /comptes/E114420U/M2/option/com.mia.studio.ide-2015-09-10_11-50-35.gtk.x86_64/workspace/com.mia.banque.application.generated/src/com/mia/miniprojet/mvc2java/generation/ui/view/IClientView.java...
done.
Evaluation of interface-controler on ClientView...
done.
Writing file: /comptes/E114420U/M2/option/com.mia.studio.ide-2015-09-10_11-50-35.gtk.x86_64/workspace/com.mia.banque.application.generated/src/com/mia/miniprojet/mvc2java/generation/ui/controler/IClientView.java...
done.
Evaluation of interface-view on CompteView...
done.
Writing file: /comptes/E114420U/M2/option/com.mia.studio.ide-2015-09-10_11-50-35.gtk.x86_64/workspace/com.mia.banque.application.generated/src/com/mia/miniprojet/mvc2java/generation/ui/view/ICompteView.java...
done.
Evaluation of interface-controler on CompteView...
done.
Writing file: /comptes/E114420U/M2/option/com.mia.studio.ide-2015-09-10_11-50-35.gtk.x86_64/workspace/com.mia.banque.application.generated/src/com/mia/miniprojet/mvc2java/generation/ui/controler/ICompteView.java...
done.
Evaluation of interface-view on OperationView...
done.
Writing file: /comptes/E114420U/M2/option/com.mia.studio.ide-2015-09-10_11-50-35.gtk.x86_64/workspace/com.mia.banque.application.generated/src/com/mia/miniprojet/mvc2java/generation/ui/view/IOperationView.java...
done.
Evaluation of interface-controler on OperationView...
done.
Writing file: /comptes/E114420U/M2/option/com.mia.studio.ide-2015-09-10_11-50-35.gtk.x86_64/workspace/com.mia.banque.application.generated/src/com/mia/miniprojet/mvc2java/generation/ui/controler/IOperationView.java...
done.
ven. 13 nov. 15 -- 11:25:21:761 : COMPLETED
ven. 13 nov. 15 -- 11:26:12:038 : GENERATION STARTED 
Applying profile on models...
done.
Evaluation of interface-view on BanqueView...
done.
Writing file: /comptes/E114420U/M2/option/com.mia.studio.ide-2015-09-10_11-50-35.gtk.x86_64/workspace/com.mia.banque.application.generated/src/com/mia/miniprojet/mvc2java/generation/ui/view/IBanqueView.java...
done.
Evaluation of interface-controler on BanqueView...
done.
Writing file: /comptes/E114420U/M2/option/com.mia.studio.ide-2015-09-10_11-50-35.gtk.x86_64/workspace/com.mia.banque.application.generated/src/com/mia/miniprojet/mvc2java/generation/ui/controler/IBanque.java...
done.
Evaluation of interface-view on ClientView...
done.
Writing file: /comptes/E114420U/M2/option/com.mia.studio.ide-2015-09-10_11-50-35.gtk.x86_64/workspace/com.mia.banque.application.generated/src/com/mia/miniprojet/mvc2java/generation/ui/view/IClientView.java...
done.
Evaluation of interface-controler on ClientView...
done.
Writing file: /comptes/E114420U/M2/option/com.mia.studio.ide-2015-09-10_11-50-35.gtk.x86_64/workspace/com.mia.banque.application.generated/src/com/mia/miniprojet/mvc2java/generation/ui/controler/IClient.java...
done.
Evaluation of interface-view on CompteView...
done.
Writing file: /comptes/E114420U/M2/option/com.mia.studio.ide-2015-09-10_11-50-35.gtk.x86_64/workspace/com.mia.banque.application.generated/src/com/mia/miniprojet/mvc2java/generation/ui/view/ICompteView.java...
done.
Evaluation of interface-controler on CompteView...
done.
Writing file: /comptes/E114420U/M2/option/com.mia.studio.ide-2015-09-10_11-50-35.gtk.x86_64/workspace/com.mia.banque.application.generated/src/com/mia/miniprojet/mvc2java/generation/ui/controler/ICompte.java...
done.
Evaluation of interface-view on OperationView...
done.
Writing file: /comptes/E114420U/M2/option/com.mia.studio.ide-2015-09-10_11-50-35.gtk.x86_64/workspace/com.mia.banque.application.generated/src/com/mia/miniprojet/mvc2java/generation/ui/view/IOperationView.java...
done.
Evaluation of interface-controler on OperationView...
done.
Writing file: /comptes/E114420U/M2/option/com.mia.studio.ide-2015-09-10_11-50-35.gtk.x86_64/workspace/com.mia.banque.application.generated/src/com/mia/miniprojet/mvc2java/generation/ui/controler/IOperation.java...
done.
ven. 13 nov. 15 -- 11:26:12:556 : COMPLETED
ven. 13 nov. 15 -- 11:26:37:263 : GENERATION STARTED 
Applying profile on models...
done.
Evaluation of interface-view on BanqueView...
done.
Writing file: /comptes/E114420U/M2/option/com.mia.studio.ide-2015-09-10_11-50-35.gtk.x86_64/workspace/com.mia.banque.application.generated/src/com/mia/miniprojet/mvc2java/generation/ui/view/IBanqueView.java...
done.
Evaluation of interface-controler on BanqueView...
done.
Writing file: /comptes/E114420U/M2/option/com.mia.studio.ide-2015-09-10_11-50-35.gtk.x86_64/workspace/com.mia.banque.application.generated/src/com/mia/miniprojet/mvc2java/generation/ui/controler/IBanqueControler.java...
done.
Evaluation of interface-view on ClientView...
done.
Writing file: /comptes/E114420U/M2/option/com.mia.studio.ide-2015-09-10_11-50-35.gtk.x86_64/workspace/com.mia.banque.application.generated/src/com/mia/miniprojet/mvc2java/generation/ui/view/IClientView.java...
done.
Evaluation of interface-controler on ClientView...
done.
Writing file: /comptes/E114420U/M2/option/com.mia.studio.ide-2015-09-10_11-50-35.gtk.x86_64/workspace/com.mia.banque.application.generated/src/com/mia/miniprojet/mvc2java/generation/ui/controler/IClientControler.java...
done.
Evaluation of interface-view on CompteView...
done.
Writing file: /comptes/E114420U/M2/option/com.mia.studio.ide-2015-09-10_11-50-35.gtk.x86_64/workspace/com.mia.banque.application.generated/src/com/mia/miniprojet/mvc2java/generation/ui/view/ICompteView.java...
done.
Evaluation of interface-controler on CompteView...
done.
Writing file: /comptes/E114420U/M2/option/com.mia.studio.ide-2015-09-10_11-50-35.gtk.x86_64/workspace/com.mia.banque.application.generated/src/com/mia/miniprojet/mvc2java/generation/ui/controler/ICompteControler.java...
done.
Evaluation of interface-view on OperationView...
done.
Writing file: /comptes/E114420U/M2/option/com.mia.studio.ide-2015-09-10_11-50-35.gtk.x86_64/workspace/com.mia.banque.application.generated/src/com/mia/miniprojet/mvc2java/generation/ui/view/IOperationView.java...
done.
Evaluation of interface-controler on OperationView...
done.
Writing file: /comptes/E114420U/M2/option/com.mia.studio.ide-2015-09-10_11-50-35.gtk.x86_64/workspace/com.mia.banque.application.generated/src/com/mia/miniprojet/mvc2java/generation/ui/controler/IOperationControler.java...
done.
ven. 13 nov. 15 -- 11:26:37:696 : COMPLETED
ven. 13 nov. 15 -- 11:34:11:323 : GENERATION STARTED 
Applying profile on models...
done.
Evaluation of interface-view on BanqueView...
done.
Writing file: /comptes/E114420U/M2/option/com.mia.studio.ide-2015-09-10_11-50-35.gtk.x86_64/workspace/com.mia.banque.application.generated/src/com/mia/miniprojet/mvc2java/generation/ui/view/IBanqueView.java...
done.
Evaluation of interface-controler on BanqueView...
done.
Writing file: /comptes/E114420U/M2/option/com.mia.studio.ide-2015-09-10_11-50-35.gtk.x86_64/workspace/com.mia.banque.application.generated/src/com/mia/miniprojet/mvc2java/generation/ui/controler/IBanqueControler.java...
done.
Evaluation of interface-view on ClientView...
done.
Writing file: /comptes/E114420U/M2/option/com.mia.studio.ide-2015-09-10_11-50-35.gtk.x86_64/workspace/com.mia.banque.application.generated/src/com/mia/miniprojet/mvc2java/generation/ui/view/IClientView.java...
done.
Evaluation of interface-controler on ClientView...
done.
Writing file: /comptes/E114420U/M2/option/com.mia.studio.ide-2015-09-10_11-50-35.gtk.x86_64/workspace/com.mia.banque.application.generated/src/com/mia/miniprojet/mvc2java/generation/ui/controler/IClientControler.java...
done.
Evaluation of interface-view on CompteView...
done.
Writing file: /comptes/E114420U/M2/option/com.mia.studio.ide-2015-09-10_11-50-35.gtk.x86_64/workspace/com.mia.banque.application.generated/src/com/mia/miniprojet/mvc2java/generation/ui/view/ICompteView.java...
done.
Evaluation of interface-controler on CompteView...
done.
Writing file: /comptes/E114420U/M2/option/com.mia.studio.ide-2015-09-10_11-50-35.gtk.x86_64/workspace/com.mia.banque.application.generated/src/com/mia/miniprojet/mvc2java/generation/ui/controler/ICompteControler.java...
done.
Evaluation of interface-view on OperationView...
done.
Writing file: /comptes/E114420U/M2/option/com.mia.studio.ide-2015-09-10_11-50-35.gtk.x86_64/workspace/com.mia.banque.application.generated/src/com/mia/miniprojet/mvc2java/generation/ui/view/IOperationView.java...
done.
Evaluation of interface-controler on OperationView...
done.
Writing file: /comptes/E114420U/M2/option/com.mia.studio.ide-2015-09-10_11-50-35.gtk.x86_64/workspace/com.mia.banque.application.generated/src/com/mia/miniprojet/mvc2java/generation/ui/controler/IOperationControler.java...
done.
ven. 13 nov. 15 -- 11:34:11:967 : COMPLETED
ven. 13 nov. 15 -- 11:38:28:307 : GENERATION STARTED 
Applying profile on models...
done.
Evaluation of interface-view on BanqueView...

error(s) detected.
No script actions-view with 0 parameter(s) defined on com.mia.formation.mvc.impl.ActionImpl@787c72b7 (name: afficherClient) (mvc.Action)
  at mvc.View.interface-view on "com.mia.formation.mvc.impl.ViewImpl@7fa71f8 (name: BanqueView) (description: Vue Banque)" (mvc.View)
Evaluation of interface-controler on BanqueView...

error(s) detected.
No script actions-view with 0 parameter(s) defined on com.mia.formation.mvc.impl.ActionImpl@787c72b7 (name: afficherClient) (mvc.Action)
  at mvc.View.interface-controler on "com.mia.formation.mvc.impl.ViewImpl@7fa71f8 (name: BanqueView) (description: Vue Banque)" (mvc.View)
Evaluation of interface-view on ClientView...

error(s) detected.
No script actions-view with 0 parameter(s) defined on com.mia.formation.mvc.impl.ActionImpl@a17adb0 (name: afficherCompte) (mvc.Action)
  at mvc.View.interface-view on "com.mia.formation.mvc.impl.ViewImpl@5e36623f (name: ClientView) (description: Vue Client)" (mvc.View)
Evaluation of interface-controler on ClientView...

error(s) detected.
No script actions-view with 0 parameter(s) defined on com.mia.formation.mvc.impl.ActionImpl@a17adb0 (name: afficherCompte) (mvc.Action)
  at mvc.View.interface-controler on "com.mia.formation.mvc.impl.ViewImpl@5e36623f (name: ClientView) (description: Vue Client)" (mvc.View)
Evaluation of interface-view on CompteView...

error(s) detected.
No script actions-view with 0 parameter(s) defined on com.mia.formation.mvc.impl.ActionImpl@140d219a (name: afficherOperation) (mvc.Action)
  at mvc.View.interface-view on "com.mia.formation.mvc.impl.ViewImpl@79c78307 (name: CompteView) (description: Vue Compte)" (mvc.View)
Evaluation of interface-controler on CompteView...

error(s) detected.
No script actions-view with 0 parameter(s) defined on com.mia.formation.mvc.impl.ActionImpl@140d219a (name: afficherOperation) (mvc.Action)
  at mvc.View.interface-controler on "com.mia.formation.mvc.impl.ViewImpl@79c78307 (name: CompteView) (description: Vue Compte)" (mvc.View)
Evaluation of interface-view on OperationView...

error(s) detected.
No script actions-view with 0 parameter(s) defined on com.mia.formation.mvc.impl.ActionImpl@5b7e79f6 (name: quitter) (mvc.Action)
  at mvc.View.interface-view on "com.mia.formation.mvc.impl.ViewImpl@1e640e86 (name: OperationView) (description: Vue Operation)" (mvc.View)
Evaluation of interface-controler on OperationView...

error(s) detected.
No script actions-view with 0 parameter(s) defined on com.mia.formation.mvc.impl.ActionImpl@5b7e79f6 (name: quitter) (mvc.Action)
  at mvc.View.interface-controler on "com.mia.formation.mvc.impl.ViewImpl@1e640e86 (name: OperationView) (description: Vue Operation)" (mvc.View)
ven. 13 nov. 15 -- 11:38:28:902 : COMPLETED
ven. 13 nov. 15 -- 11:44:01:857 : GENERATION STARTED 
Applying profile on models...
done.
Evaluation of interface-view on BanqueView...

error(s) detected.
No script actions-view with 0 parameter(s) defined on com.mia.formation.mvc.impl.ActionImpl@787c72b7 (name: afficherClient) (mvc.Action)
  at mvc.View.interface-view on "com.mia.formation.mvc.impl.ViewImpl@7fa71f8 (name: BanqueView) (description: Vue Banque)" (mvc.View)
Evaluation of interface-controler on BanqueView...

error(s) detected.
No script actions-view with 0 parameter(s) defined on com.mia.formation.mvc.impl.ActionImpl@787c72b7 (name: afficherClient) (mvc.Action)
  at mvc.View.interface-controler on "com.mia.formation.mvc.impl.ViewImpl@7fa71f8 (name: BanqueView) (description: Vue Banque)" (mvc.View)
Evaluation of interface-view on ClientView...

error(s) detected.
No script actions-view with 0 parameter(s) defined on com.mia.formation.mvc.impl.ActionImpl@a17adb0 (name: afficherCompte) (mvc.Action)
  at mvc.View.interface-view on "com.mia.formation.mvc.impl.ViewImpl@5e36623f (name: ClientView) (description: Vue Client)" (mvc.View)
Evaluation of interface-controler on ClientView...

error(s) detected.
No script actions-view with 0 parameter(s) defined on com.mia.formation.mvc.impl.ActionImpl@a17adb0 (name: afficherCompte) (mvc.Action)
  at mvc.View.interface-controler on "com.mia.formation.mvc.impl.ViewImpl@5e36623f (name: ClientView) (description: Vue Client)" (mvc.View)
Evaluation of interface-view on CompteView...

error(s) detected.
No script actions-view with 0 parameter(s) defined on com.mia.formation.mvc.impl.ActionImpl@140d219a (name: afficherOperation) (mvc.Action)
  at mvc.View.interface-view on "com.mia.formation.mvc.impl.ViewImpl@79c78307 (name: CompteView) (description: Vue Compte)" (mvc.View)
Evaluation of interface-controler on CompteView...

error(s) detected.
No script actions-view with 0 parameter(s) defined on com.mia.formation.mvc.impl.ActionImpl@140d219a (name: afficherOperation) (mvc.Action)
  at mvc.View.interface-controler on "com.mia.formation.mvc.impl.ViewImpl@79c78307 (name: CompteView) (description: Vue Compte)" (mvc.View)
Evaluation of interface-view on OperationView...

error(s) detected.
No script actions-view with 0 parameter(s) defined on com.mia.formation.mvc.impl.ActionImpl@5b7e79f6 (name: quitter) (mvc.Action)
  at mvc.View.interface-view on "com.mia.formation.mvc.impl.ViewImpl@1e640e86 (name: OperationView) (description: Vue Operation)" (mvc.View)
Evaluation of interface-controler on OperationView...

error(s) detected.
No script actions-view with 0 parameter(s) defined on com.mia.formation.mvc.impl.ActionImpl@5b7e79f6 (name: quitter) (mvc.Action)
  at mvc.View.interface-controler on "com.mia.formation.mvc.impl.ViewImpl@1e640e86 (name: OperationView) (description: Vue Operation)" (mvc.View)
ven. 13 nov. 15 -- 11:44:02:358 : COMPLETED
ven. 13 nov. 15 -- 11:46:05:640 : GENERATION STARTED 
Applying profile on models...
done.
Evaluation of interface-view on BanqueView...
done.
Writing file: /comptes/E114420U/M2/option/com.mia.studio.ide-2015-09-10_11-50-35.gtk.x86_64/workspace/com.mia.banque.application.generated/src/com/mia/miniprojet/mvc2java/generation/ui/view/IBanqueView.java...
done.
Evaluation of interface-controler on BanqueView...
done.
Writing file: /comptes/E114420U/M2/option/com.mia.studio.ide-2015-09-10_11-50-35.gtk.x86_64/workspace/com.mia.banque.application.generated/src/com/mia/miniprojet/mvc2java/generation/ui/controler/IBanqueControler.java...
done.
Evaluation of interface-view on ClientView...
done.
Writing file: /comptes/E114420U/M2/option/com.mia.studio.ide-2015-09-10_11-50-35.gtk.x86_64/workspace/com.mia.banque.application.generated/src/com/mia/miniprojet/mvc2java/generation/ui/view/IClientView.java...
done.
Evaluation of interface-controler on ClientView...
done.
Writing file: /comptes/E114420U/M2/option/com.mia.studio.ide-2015-09-10_11-50-35.gtk.x86_64/workspace/com.mia.banque.application.generated/src/com/mia/miniprojet/mvc2java/generation/ui/controler/IClientControler.java...
done.
Evaluation of interface-view on CompteView...
done.
Writing file: /comptes/E114420U/M2/option/com.mia.studio.ide-2015-09-10_11-50-35.gtk.x86_64/workspace/com.mia.banque.application.generated/src/com/mia/miniprojet/mvc2java/generation/ui/view/ICompteView.java...
done.
Evaluation of interface-controler on CompteView...
done.
Writing file: /comptes/E114420U/M2/option/com.mia.studio.ide-2015-09-10_11-50-35.gtk.x86_64/workspace/com.mia.banque.application.generated/src/com/mia/miniprojet/mvc2java/generation/ui/controler/ICompteControler.java...
done.
Evaluation of interface-view on OperationView...
done.
Writing file: /comptes/E114420U/M2/option/com.mia.studio.ide-2015-09-10_11-50-35.gtk.x86_64/workspace/com.mia.banque.application.generated/src/com/mia/miniprojet/mvc2java/generation/ui/view/IOperationView.java...
done.
Evaluation of interface-controler on OperationView...
done.
Writing file: /comptes/E114420U/M2/option/com.mia.studio.ide-2015-09-10_11-50-35.gtk.x86_64/workspace/com.mia.banque.application.generated/src/com/mia/miniprojet/mvc2java/generation/ui/controler/IOperationControler.java...
done.
ven. 13 nov. 15 -- 11:46:06:237 : COMPLETED
ven. 13 nov. 15 -- 11:51:04:059 : GENERATION STARTED 
Applying profile on models...
done.
Evaluation of interface-view on BanqueView...
done.
Writing file: /comptes/E114420U/M2/option/com.mia.studio.ide-2015-09-10_11-50-35.gtk.x86_64/workspace/com.mia.banque.application.generated/src/com/mia/miniprojet/mvc2java/generation/ui/view/IBanqueView.java...
done.
Evaluation of interface-controler on BanqueView...
done.
Writing file: /comptes/E114420U/M2/option/com.mia.studio.ide-2015-09-10_11-50-35.gtk.x86_64/workspace/com.mia.banque.application.generated/src/com/mia/miniprojet/mvc2java/generation/ui/controler/IBanqueControler.java...
done.
Evaluation of interface-view on ClientView...
done.
Writing file: /comptes/E114420U/M2/option/com.mia.studio.ide-2015-09-10_11-50-35.gtk.x86_64/workspace/com.mia.banque.application.generated/src/com/mia/miniprojet/mvc2java/generation/ui/view/IClientView.java...
done.
Evaluation of interface-controler on ClientView...
done.
Writing file: /comptes/E114420U/M2/option/com.mia.studio.ide-2015-09-10_11-50-35.gtk.x86_64/workspace/com.mia.banque.application.generated/src/com/mia/miniprojet/mvc2java/generation/ui/controler/IClientControler.java...
done.
Evaluation of interface-view on CompteView...
done.
Writing file: /comptes/E114420U/M2/option/com.mia.studio.ide-2015-09-10_11-50-35.gtk.x86_64/workspace/com.mia.banque.application.generated/src/com/mia/miniprojet/mvc2java/generation/ui/view/ICompteView.java...
done.
Evaluation of interface-controler on CompteView...
done.
Writing file: /comptes/E114420U/M2/option/com.mia.studio.ide-2015-09-10_11-50-35.gtk.x86_64/workspace/com.mia.banque.application.generated/src/com/mia/miniprojet/mvc2java/generation/ui/controler/ICompteControler.java...
done.
Evaluation of interface-view on OperationView...
done.
Writing file: /comptes/E114420U/M2/option/com.mia.studio.ide-2015-09-10_11-50-35.gtk.x86_64/workspace/com.mia.banque.application.generated/src/com/mia/miniprojet/mvc2java/generation/ui/view/IOperationView.java...
done.
Evaluation of interface-controler on OperationView...
done.
Writing file: /comptes/E114420U/M2/option/com.mia.studio.ide-2015-09-10_11-50-35.gtk.x86_64/workspace/com.mia.banque.application.generated/src/com/mia/miniprojet/mvc2java/generation/ui/controler/IOperationControler.java...
done.
ven. 13 nov. 15 -- 11:51:04:726 : COMPLETED
ven. 13 nov. 15 -- 11:51:41:100 : GENERATION STARTED 
Applying profile on models...
done.
Evaluation of interface-view on BanqueView...
done.
Writing file: /comptes/E114420U/M2/option/com.mia.studio.ide-2015-09-10_11-50-35.gtk.x86_64/workspace/com.mia.banque.application.generated/src/com/mia/miniprojet/mvc2java/generation/ui/view/IBanqueView.java...
done.
Evaluation of interface-controler on BanqueView...
done.
Writing file: /comptes/E114420U/M2/option/com.mia.studio.ide-2015-09-10_11-50-35.gtk.x86_64/workspace/com.mia.banque.application.generated/src/com/mia/miniprojet/mvc2java/generation/ui/controler/IBanqueControler.java...
done.
Evaluation of class-view on BanqueView...
done.
Writing file: /comptes/E114420U/M2/option/com.mia.studio.ide-2015-09-10_11-50-35.gtk.x86_64/workspace/com.mia.banque.application.generated/src/com/mia/miniprojet/mvc2java/generation/ui/view/swt/BanqueView.java...
done.
Evaluation of interface-view on ClientView...
done.
Writing file: /comptes/E114420U/M2/option/com.mia.studio.ide-2015-09-10_11-50-35.gtk.x86_64/workspace/com.mia.banque.application.generated/src/com/mia/miniprojet/mvc2java/generation/ui/view/IClientView.java...
done.
Evaluation of interface-controler on ClientView...
done.
Writing file: /comptes/E114420U/M2/option/com.mia.studio.ide-2015-09-10_11-50-35.gtk.x86_64/workspace/com.mia.banque.application.generated/src/com/mia/miniprojet/mvc2java/generation/ui/controler/IClientControler.java...
done.
Evaluation of class-view on ClientView...
done.
Writing file: /comptes/E114420U/M2/option/com.mia.studio.ide-2015-09-10_11-50-35.gtk.x86_64/workspace/com.mia.banque.application.generated/src/com/mia/miniprojet/mvc2java/generation/ui/view/swt/ClientView.java...
done.
Evaluation of interface-view on CompteView...
done.
Writing file: /comptes/E114420U/M2/option/com.mia.studio.ide-2015-09-10_11-50-35.gtk.x86_64/workspace/com.mia.banque.application.generated/src/com/mia/miniprojet/mvc2java/generation/ui/view/ICompteView.java...
done.
Evaluation of interface-controler on CompteView...
done.
Writing file: /comptes/E114420U/M2/option/com.mia.studio.ide-2015-09-10_11-50-35.gtk.x86_64/workspace/com.mia.banque.application.generated/src/com/mia/miniprojet/mvc2java/generation/ui/controler/ICompteControler.java...
done.
Evaluation of class-view on CompteView...
done.
Writing file: /comptes/E114420U/M2/option/com.mia.studio.ide-2015-09-10_11-50-35.gtk.x86_64/workspace/com.mia.banque.application.generated/src/com/mia/miniprojet/mvc2java/generation/ui/view/swt/CompteView.java...
done.
Evaluation of interface-view on OperationView...
done.
Writing file: /comptes/E114420U/M2/option/com.mia.studio.ide-2015-09-10_11-50-35.gtk.x86_64/workspace/com.mia.banque.application.generated/src/com/mia/miniprojet/mvc2java/generation/ui/view/IOperationView.java...
done.
Evaluation of interface-controler on OperationView...
done.
Writing file: /comptes/E114420U/M2/option/com.mia.studio.ide-2015-09-10_11-50-35.gtk.x86_64/workspace/com.mia.banque.application.generated/src/com/mia/miniprojet/mvc2java/generation/ui/controler/IOperationControler.java...
done.
Evaluation of class-view on OperationView...
done.
Writing file: /comptes/E114420U/M2/option/com.mia.studio.ide-2015-09-10_11-50-35.gtk.x86_64/workspace/com.mia.banque.application.generated/src/com/mia/miniprojet/mvc2java/generation/ui/view/swt/OperationView.java...
done.
ven. 13 nov. 15 -- 11:51:41:583 : COMPLETED
ven. 13 nov. 15 -- 11:56:57:063 : GENERATION STARTED 
Applying profile on models...
done.
Evaluation of interface-view on BanqueView...
done.
Writing file: /comptes/E114420U/M2/option/com.mia.studio.ide-2015-09-10_11-50-35.gtk.x86_64/workspace/com.mia.banque.application.generated/src/com/mia/miniprojet/mvc2java/generation/ui/view/IBanqueView.java...
done.
Evaluation of interface-controler on BanqueView...
done.
Writing file: /comptes/E114420U/M2/option/com.mia.studio.ide-2015-09-10_11-50-35.gtk.x86_64/workspace/com.mia.banque.application.generated/src/com/mia/miniprojet/mvc2java/generation/ui/controler/IBanqueControler.java...
done.
Evaluation of class-view on BanqueView...
done.
Writing file: /comptes/E114420U/M2/option/com.mia.studio.ide-2015-09-10_11-50-35.gtk.x86_64/workspace/com.mia.banque.application.generated/src/com/mia/miniprojet/mvc2java/generation/ui/view/swt/BanqueView.java...
done.
Evaluation of interface-view on ClientView...
done.
Writing file: /comptes/E114420U/M2/option/com.mia.studio.ide-2015-09-10_11-50-35.gtk.x86_64/workspace/com.mia.banque.application.generated/src/com/mia/miniprojet/mvc2java/generation/ui/view/IClientView.java...
done.
Evaluation of interface-controler on ClientView...
done.
Writing file: /comptes/E114420U/M2/option/com.mia.studio.ide-2015-09-10_11-50-35.gtk.x86_64/workspace/com.mia.banque.application.generated/src/com/mia/miniprojet/mvc2java/generation/ui/controler/IClientControler.java...
done.
Evaluation of class-view on ClientView...
done.
Writing file: /comptes/E114420U/M2/option/com.mia.studio.ide-2015-09-10_11-50-35.gtk.x86_64/workspace/com.mia.banque.application.generated/src/com/mia/miniprojet/mvc2java/generation/ui/view/swt/ClientView.java...
done.
Evaluation of interface-view on CompteView...
done.
Writing file: /comptes/E114420U/M2/option/com.mia.studio.ide-2015-09-10_11-50-35.gtk.x86_64/workspace/com.mia.banque.application.generated/src/com/mia/miniprojet/mvc2java/generation/ui/view/ICompteView.java...
done.
Evaluation of interface-controler on CompteView...
done.
Writing file: /comptes/E114420U/M2/option/com.mia.studio.ide-2015-09-10_11-50-35.gtk.x86_64/workspace/com.mia.banque.application.generated/src/com/mia/miniprojet/mvc2java/generation/ui/controler/ICompteControler.java...
done.
Evaluation of class-view on CompteView...
done.
Writing file: /comptes/E114420U/M2/option/com.mia.studio.ide-2015-09-10_11-50-35.gtk.x86_64/workspace/com.mia.banque.application.generated/src/com/mia/miniprojet/mvc2java/generation/ui/view/swt/CompteView.java...
done.
Evaluation of interface-view on OperationView...
done.
Writing file: /comptes/E114420U/M2/option/com.mia.studio.ide-2015-09-10_11-50-35.gtk.x86_64/workspace/com.mia.banque.application.generated/src/com/mia/miniprojet/mvc2java/generation/ui/view/IOperationView.java...
done.
Evaluation of interface-controler on OperationView...
done.
Writing file: /comptes/E114420U/M2/option/com.mia.studio.ide-2015-09-10_11-50-35.gtk.x86_64/workspace/com.mia.banque.application.generated/src/com/mia/miniprojet/mvc2java/generation/ui/controler/IOperationControler.java...
done.
Evaluation of class-view on OperationView...
done.
Writing file: /comptes/E114420U/M2/option/com.mia.studio.ide-2015-09-10_11-50-35.gtk.x86_64/workspace/com.mia.banque.application.generated/src/com/mia/miniprojet/mvc2java/generation/ui/view/swt/OperationView.java...
done.
ven. 13 nov. 15 -- 11:56:57:721 : COMPLETED
ven. 13 nov. 15 -- 11:57:42:123 : GENERATION STARTED 
Applying profile on models...
done.
Evaluation of interface-view on BanqueView...
done.
Writing file: /comptes/E114420U/M2/option/com.mia.studio.ide-2015-09-10_11-50-35.gtk.x86_64/workspace/com.mia.banque.application.generated/src/com/mia/miniprojet/mvc2java/generation/ui/view/IBanqueView.java...
done.
Evaluation of interface-controler on BanqueView...
done.
Writing file: /comptes/E114420U/M2/option/com.mia.studio.ide-2015-09-10_11-50-35.gtk.x86_64/workspace/com.mia.banque.application.generated/src/com/mia/miniprojet/mvc2java/generation/ui/controler/IBanqueControler.java...
done.
Evaluation of class-view on BanqueView...
done.
Writing file: /comptes/E114420U/M2/option/com.mia.studio.ide-2015-09-10_11-50-35.gtk.x86_64/workspace/com.mia.banque.application.generated/src/com/mia/miniprojet/mvc2java/generation/ui/view/swt/BanqueView.java...
done.
Evaluation of interface-view on ClientView...
done.
Writing file: /comptes/E114420U/M2/option/com.mia.studio.ide-2015-09-10_11-50-35.gtk.x86_64/workspace/com.mia.banque.application.generated/src/com/mia/miniprojet/mvc2java/generation/ui/view/IClientView.java...
done.
Evaluation of interface-controler on ClientView...
done.
Writing file: /comptes/E114420U/M2/option/com.mia.studio.ide-2015-09-10_11-50-35.gtk.x86_64/workspace/com.mia.banque.application.generated/src/com/mia/miniprojet/mvc2java/generation/ui/controler/IClientControler.java...
done.
Evaluation of class-view on ClientView...
done.
Writing file: /comptes/E114420U/M2/option/com.mia.studio.ide-2015-09-10_11-50-35.gtk.x86_64/workspace/com.mia.banque.application.generated/src/com/mia/miniprojet/mvc2java/generation/ui/view/swt/ClientView.java...
done.
Evaluation of interface-view on CompteView...
done.
Writing file: /comptes/E114420U/M2/option/com.mia.studio.ide-2015-09-10_11-50-35.gtk.x86_64/workspace/com.mia.banque.application.generated/src/com/mia/miniprojet/mvc2java/generation/ui/view/ICompteView.java...
done.
Evaluation of interface-controler on CompteView...
done.
Writing file: /comptes/E114420U/M2/option/com.mia.studio.ide-2015-09-10_11-50-35.gtk.x86_64/workspace/com.mia.banque.application.generated/src/com/mia/miniprojet/mvc2java/generation/ui/controler/ICompteControler.java...
done.
Evaluation of class-view on CompteView...
done.
Writing file: /comptes/E114420U/M2/option/com.mia.studio.ide-2015-09-10_11-50-35.gtk.x86_64/workspace/com.mia.banque.application.generated/src/com/mia/miniprojet/mvc2java/generation/ui/view/swt/CompteView.java...
done.
Evaluation of interface-view on OperationView...
done.
Writing file: /comptes/E114420U/M2/option/com.mia.studio.ide-2015-09-10_11-50-35.gtk.x86_64/workspace/com.mia.banque.application.generated/src/com/mia/miniprojet/mvc2java/generation/ui/view/IOperationView.java...
done.
Evaluation of interface-controler on OperationView...
done.
Writing file: /comptes/E114420U/M2/option/com.mia.studio.ide-2015-09-10_11-50-35.gtk.x86_64/workspace/com.mia.banque.application.generated/src/com/mia/miniprojet/mvc2java/generation/ui/controler/IOperationControler.java...
done.
Evaluation of class-view on OperationView...
done.
Writing file: /comptes/E114420U/M2/option/com.mia.studio.ide-2015-09-10_11-50-35.gtk.x86_64/workspace/com.mia.banque.application.generated/src/com/mia/miniprojet/mvc2java/generation/ui/view/swt/OperationView.java...
done.
ven. 13 nov. 15 -- 11:57:42:695 : COMPLETED
ven. 13 nov. 15 -- 11:58:28:235 : GENERATION STARTED 
Applying profile on models...
done.
Evaluation of interface-view on BanqueView...
done.
Writing file: /comptes/E114420U/M2/option/com.mia.studio.ide-2015-09-10_11-50-35.gtk.x86_64/workspace/com.mia.banque.application.generated/src/com/mia/miniprojet/mvc2java/generation/ui/view/IBanqueView.java...
done.
Evaluation of interface-controler on BanqueView...
done.
Writing file: /comptes/E114420U/M2/option/com.mia.studio.ide-2015-09-10_11-50-35.gtk.x86_64/workspace/com.mia.banque.application.generated/src/com/mia/miniprojet/mvc2java/generation/ui/controler/IBanqueControler.java...
done.
Evaluation of class-view on BanqueView...
done.
Writing file: /comptes/E114420U/M2/option/com.mia.studio.ide-2015-09-10_11-50-35.gtk.x86_64/workspace/com.mia.banque.application.generated/src/com/mia/miniprojet/mvc2java/generation/ui/view/swt/BanqueView.java...
done.
Evaluation of interface-view on ClientView...
done.
Writing file: /comptes/E114420U/M2/option/com.mia.studio.ide-2015-09-10_11-50-35.gtk.x86_64/workspace/com.mia.banque.application.generated/src/com/mia/miniprojet/mvc2java/generation/ui/view/IClientView.java...
done.
Evaluation of interface-controler on ClientView...
done.
Writing file: /comptes/E114420U/M2/option/com.mia.studio.ide-2015-09-10_11-50-35.gtk.x86_64/workspace/com.mia.banque.application.generated/src/com/mia/miniprojet/mvc2java/generation/ui/controler/IClientControler.java...
done.
Evaluation of class-view on ClientView...
done.
Writing file: /comptes/E114420U/M2/option/com.mia.studio.ide-2015-09-10_11-50-35.gtk.x86_64/workspace/com.mia.banque.application.generated/src/com/mia/miniprojet/mvc2java/generation/ui/view/swt/ClientView.java...
done.
Evaluation of interface-view on CompteView...
done.
Writing file: /comptes/E114420U/M2/option/com.mia.studio.ide-2015-09-10_11-50-35.gtk.x86_64/workspace/com.mia.banque.application.generated/src/com/mia/miniprojet/mvc2java/generation/ui/view/ICompteView.java...
done.
Evaluation of interface-controler on CompteView...
done.
Writing file: /comptes/E114420U/M2/option/com.mia.studio.ide-2015-09-10_11-50-35.gtk.x86_64/workspace/com.mia.banque.application.generated/src/com/mia/miniprojet/mvc2java/generation/ui/controler/ICompteControler.java...
done.
Evaluation of class-view on CompteView...
done.
Writing file: /comptes/E114420U/M2/option/com.mia.studio.ide-2015-09-10_11-50-35.gtk.x86_64/workspace/com.mia.banque.application.generated/src/com/mia/miniprojet/mvc2java/generation/ui/view/swt/CompteView.java...
done.
Evaluation of interface-view on OperationView...
done.
Writing file: /comptes/E114420U/M2/option/com.mia.studio.ide-2015-09-10_11-50-35.gtk.x86_64/workspace/com.mia.banque.application.generated/src/com/mia/miniprojet/mvc2java/generation/ui/view/IOperationView.java...
done.
Evaluation of interface-controler on OperationView...
done.
Writing file: /comptes/E114420U/M2/option/com.mia.studio.ide-2015-09-10_11-50-35.gtk.x86_64/workspace/com.mia.banque.application.generated/src/com/mia/miniprojet/mvc2java/generation/ui/controler/IOperationControler.java...
done.
Evaluation of class-view on OperationView...
done.
Writing file: /comptes/E114420U/M2/option/com.mia.studio.ide-2015-09-10_11-50-35.gtk.x86_64/workspace/com.mia.banque.application.generated/src/com/mia/miniprojet/mvc2java/generation/ui/view/swt/OperationView.java...
done.
ven. 13 nov. 15 -- 11:58:28:770 : COMPLETED
ven. 13 nov. 15 -- 12:00:24:848 : GENERATION STARTED 
Applying profile on models...
done.
Evaluation of interface-view on BanqueView...
done.
Writing file: /comptes/E114420U/M2/option/com.mia.studio.ide-2015-09-10_11-50-35.gtk.x86_64/workspace/com.mia.banque.application.generated/src/com/mia/miniprojet/mvc2java/generation/ui/view/IBanqueView.java...
done.
Evaluation of interface-controler on BanqueView...
done.
Writing file: /comptes/E114420U/M2/option/com.mia.studio.ide-2015-09-10_11-50-35.gtk.x86_64/workspace/com.mia.banque.application.generated/src/com/mia/miniprojet/mvc2java/generation/ui/controler/IBanqueControler.java...
done.
Evaluation of class-view on BanqueView...
done.
Writing file: /comptes/E114420U/M2/option/com.mia.studio.ide-2015-09-10_11-50-35.gtk.x86_64/workspace/com.mia.banque.application.generated/src/com/mia/miniprojet/mvc2java/generation/ui/view/swt/BanqueView.java...
done.
Evaluation of interface-view on ClientView...
done.
Writing file: /comptes/E114420U/M2/option/com.mia.studio.ide-2015-09-10_11-50-35.gtk.x86_64/workspace/com.mia.banque.application.generated/src/com/mia/miniprojet/mvc2java/generation/ui/view/IClientView.java...
done.
Evaluation of interface-controler on ClientView...
done.
Writing file: /comptes/E114420U/M2/option/com.mia.studio.ide-2015-09-10_11-50-35.gtk.x86_64/workspace/com.mia.banque.application.generated/src/com/mia/miniprojet/mvc2java/generation/ui/controler/IClientControler.java...
done.
Evaluation of class-view on ClientView...
done.
Writing file: /comptes/E114420U/M2/option/com.mia.studio.ide-2015-09-10_11-50-35.gtk.x86_64/workspace/com.mia.banque.application.generated/src/com/mia/miniprojet/mvc2java/generation/ui/view/swt/ClientView.java...
done.
Evaluation of interface-view on CompteView...
done.
Writing file: /comptes/E114420U/M2/option/com.mia.studio.ide-2015-09-10_11-50-35.gtk.x86_64/workspace/com.mia.banque.application.generated/src/com/mia/miniprojet/mvc2java/generation/ui/view/ICompteView.java...
done.
Evaluation of interface-controler on CompteView...
done.
Writing file: /comptes/E114420U/M2/option/com.mia.studio.ide-2015-09-10_11-50-35.gtk.x86_64/workspace/com.mia.banque.application.generated/src/com/mia/miniprojet/mvc2java/generation/ui/controler/ICompteControler.java...
done.
Evaluation of class-view on CompteView...
done.
Writing file: /comptes/E114420U/M2/option/com.mia.studio.ide-2015-09-10_11-50-35.gtk.x86_64/workspace/com.mia.banque.application.generated/src/com/mia/miniprojet/mvc2java/generation/ui/view/swt/CompteView.java...
done.
Evaluation of interface-view on OperationView...
done.
Writing file: /comptes/E114420U/M2/option/com.mia.studio.ide-2015-09-10_11-50-35.gtk.x86_64/workspace/com.mia.banque.application.generated/src/com/mia/miniprojet/mvc2java/generation/ui/view/IOperationView.java...
done.
Evaluation of interface-controler on OperationView...
done.
Writing file: /comptes/E114420U/M2/option/com.mia.studio.ide-2015-09-10_11-50-35.gtk.x86_64/workspace/com.mia.banque.application.generated/src/com/mia/miniprojet/mvc2java/generation/ui/controler/IOperationControler.java...
done.
Evaluation of class-view on OperationView...
done.
Writing file: /comptes/E114420U/M2/option/com.mia.studio.ide-2015-09-10_11-50-35.gtk.x86_64/workspace/com.mia.banque.application.generated/src/com/mia/miniprojet/mvc2java/generation/ui/view/swt/OperationView.java...
done.
ven. 13 nov. 15 -- 12:00:25:525 : COMPLETED
ven. 13 nov. 15 -- 12:03:25:552 : GENERATION STARTED 
Applying profile on models...
done.
Evaluation of interface-view on BanqueView...
done.
Writing file: /comptes/E114420U/M2/option/com.mia.studio.ide-2015-09-10_11-50-35.gtk.x86_64/workspace/com.mia.banque.application.generated/src/com/mia/miniprojet/mvc2java/generation/ui/view/IBanqueView.java...
done.
Evaluation of interface-controler on BanqueView...
done.
Writing file: /comptes/E114420U/M2/option/com.mia.studio.ide-2015-09-10_11-50-35.gtk.x86_64/workspace/com.mia.banque.application.generated/src/com/mia/miniprojet/mvc2java/generation/ui/controler/IBanqueControler.java...
done.
Evaluation of class-view on BanqueView...
done.
Writing file: /comptes/E114420U/M2/option/com.mia.studio.ide-2015-09-10_11-50-35.gtk.x86_64/workspace/com.mia.banque.application.generated/src/com/mia/miniprojet/mvc2java/generation/ui/view/swt/BanqueView.java...
done.
Evaluation of interface-view on ClientView...
done.
Writing file: /comptes/E114420U/M2/option/com.mia.studio.ide-2015-09-10_11-50-35.gtk.x86_64/workspace/com.mia.banque.application.generated/src/com/mia/miniprojet/mvc2java/generation/ui/view/IClientView.java...
done.
Evaluation of interface-controler on ClientView...
done.
Writing file: /comptes/E114420U/M2/option/com.mia.studio.ide-2015-09-10_11-50-35.gtk.x86_64/workspace/com.mia.banque.application.generated/src/com/mia/miniprojet/mvc2java/generation/ui/controler/IClientControler.java...
done.
Evaluation of class-view on ClientView...
done.
Writing file: /comptes/E114420U/M2/option/com.mia.studio.ide-2015-09-10_11-50-35.gtk.x86_64/workspace/com.mia.banque.application.generated/src/com/mia/miniprojet/mvc2java/generation/ui/view/swt/ClientView.java...
done.
Evaluation of interface-view on CompteView...
done.
Writing file: /comptes/E114420U/M2/option/com.mia.studio.ide-2015-09-10_11-50-35.gtk.x86_64/workspace/com.mia.banque.application.generated/src/com/mia/miniprojet/mvc2java/generation/ui/view/ICompteView.java...
done.
Evaluation of interface-controler on CompteView...
done.
Writing file: /comptes/E114420U/M2/option/com.mia.studio.ide-2015-09-10_11-50-35.gtk.x86_64/workspace/com.mia.banque.application.generated/src/com/mia/miniprojet/mvc2java/generation/ui/controler/ICompteControler.java...
done.
Evaluation of class-view on CompteView...
done.
Writing file: /comptes/E114420U/M2/option/com.mia.studio.ide-2015-09-10_11-50-35.gtk.x86_64/workspace/com.mia.banque.application.generated/src/com/mia/miniprojet/mvc2java/generation/ui/view/swt/CompteView.java...
done.
Evaluation of interface-view on OperationView...
done.
Writing file: /comptes/E114420U/M2/option/com.mia.studio.ide-2015-09-10_11-50-35.gtk.x86_64/workspace/com.mia.banque.application.generated/src/com/mia/miniprojet/mvc2java/generation/ui/view/IOperationView.java...
done.
Evaluation of interface-controler on OperationView...
done.
Writing file: /comptes/E114420U/M2/option/com.mia.studio.ide-2015-09-10_11-50-35.gtk.x86_64/workspace/com.mia.banque.application.generated/src/com/mia/miniprojet/mvc2java/generation/ui/controler/IOperationControler.java...
done.
Evaluation of class-view on OperationView...
done.
Writing file: /comptes/E114420U/M2/option/com.mia.studio.ide-2015-09-10_11-50-35.gtk.x86_64/workspace/com.mia.banque.application.generated/src/com/mia/miniprojet/mvc2java/generation/ui/view/swt/OperationView.java...
done.
ven. 13 nov. 15 -- 12:03:26:210 : COMPLETED
ven. 13 nov. 15 -- 12:06:58:573 : GENERATION STARTED 
Applying profile on models...
done.
Evaluation of interface-view on BanqueView...
done.
Writing file: /comptes/E114420U/M2/option/com.mia.studio.ide-2015-09-10_11-50-35.gtk.x86_64/workspace/com.mia.banque.application.generated/src/com/mia/miniprojet/mvc2java/generation/ui/view/IBanqueView.java...
done.
Evaluation of interface-controler on BanqueView...
done.
Writing file: /comptes/E114420U/M2/option/com.mia.studio.ide-2015-09-10_11-50-35.gtk.x86_64/workspace/com.mia.banque.application.generated/src/com/mia/miniprojet/mvc2java/generation/ui/controler/IBanqueControler.java...
done.
Evaluation of class-view on BanqueView...
done.
Writing file: /comptes/E114420U/M2/option/com.mia.studio.ide-2015-09-10_11-50-35.gtk.x86_64/workspace/com.mia.banque.application.generated/src/com/mia/miniprojet/mvc2java/generation/ui/view/swt/BanqueView.java...
done.
Evaluation of interface-view on ClientView...
done.
Writing file: /comptes/E114420U/M2/option/com.mia.studio.ide-2015-09-10_11-50-35.gtk.x86_64/workspace/com.mia.banque.application.generated/src/com/mia/miniprojet/mvc2java/generation/ui/view/IClientView.java...
done.
Evaluation of interface-controler on ClientView...
done.
Writing file: /comptes/E114420U/M2/option/com.mia.studio.ide-2015-09-10_11-50-35.gtk.x86_64/workspace/com.mia.banque.application.generated/src/com/mia/miniprojet/mvc2java/generation/ui/controler/IClientControler.java...
done.
Evaluation of class-view on ClientView...
done.
Writing file: /comptes/E114420U/M2/option/com.mia.studio.ide-2015-09-10_11-50-35.gtk.x86_64/workspace/com.mia.banque.application.generated/src/com/mia/miniprojet/mvc2java/generation/ui/view/swt/ClientView.java...
done.
Evaluation of interface-view on CompteView...
done.
Writing file: /comptes/E114420U/M2/option/com.mia.studio.ide-2015-09-10_11-50-35.gtk.x86_64/workspace/com.mia.banque.application.generated/src/com/mia/miniprojet/mvc2java/generation/ui/view/ICompteView.java...
done.
Evaluation of interface-controler on CompteView...
done.
Writing file: /comptes/E114420U/M2/option/com.mia.studio.ide-2015-09-10_11-50-35.gtk.x86_64/workspace/com.mia.banque.application.generated/src/com/mia/miniprojet/mvc2java/generation/ui/controler/ICompteControler.java...
done.
Evaluation of class-view on CompteView...
done.
Writing file: /comptes/E114420U/M2/option/com.mia.studio.ide-2015-09-10_11-50-35.gtk.x86_64/workspace/com.mia.banque.application.generated/src/com/mia/miniprojet/mvc2java/generation/ui/view/swt/CompteView.java...
done.
Evaluation of interface-view on OperationView...
done.
Writing file: /comptes/E114420U/M2/option/com.mia.studio.ide-2015-09-10_11-50-35.gtk.x86_64/workspace/com.mia.banque.application.generated/src/com/mia/miniprojet/mvc2java/generation/ui/view/IOperationView.java...
done.
Evaluation of interface-controler on OperationView...
done.
Writing file: /comptes/E114420U/M2/option/com.mia.studio.ide-2015-09-10_11-50-35.gtk.x86_64/workspace/com.mia.banque.application.generated/src/com/mia/miniprojet/mvc2java/generation/ui/controler/IOperationControler.java...
done.
Evaluation of class-view on OperationView...
done.
Writing file: /comptes/E114420U/M2/option/com.mia.studio.ide-2015-09-10_11-50-35.gtk.x86_64/workspace/com.mia.banque.application.generated/src/com/mia/miniprojet/mvc2java/generation/ui/view/swt/OperationView.java...
done.
ven. 13 nov. 15 -- 12:06:59:145 : COMPLETED
ven. 13 nov. 15 -- 12:07:37:022 : GENERATION STARTED 
Applying profile on models...
done.
Evaluation of interface-view on BanqueView...
done.
Writing file: /comptes/E114420U/M2/option/com.mia.studio.ide-2015-09-10_11-50-35.gtk.x86_64/workspace/com.mia.banque.application.generated/src/com/mia/miniprojet/mvc2java/generation/ui/view/IBanqueView.java...
done.
Evaluation of interface-controler on BanqueView...
done.
Writing file: /comptes/E114420U/M2/option/com.mia.studio.ide-2015-09-10_11-50-35.gtk.x86_64/workspace/com.mia.banque.application.generated/src/com/mia/miniprojet/mvc2java/generation/ui/controler/IBanqueControler.java...
done.
Evaluation of class-view on BanqueView...
done.
Writing file: /comptes/E114420U/M2/option/com.mia.studio.ide-2015-09-10_11-50-35.gtk.x86_64/workspace/com.mia.banque.application.generated/src/com/mia/miniprojet/mvc2java/generation/ui/view/swt/BanqueView.java...
done.
Evaluation of interface-view on ClientView...
done.
Writing file: /comptes/E114420U/M2/option/com.mia.studio.ide-2015-09-10_11-50-35.gtk.x86_64/workspace/com.mia.banque.application.generated/src/com/mia/miniprojet/mvc2java/generation/ui/view/IClientView.java...
done.
Evaluation of interface-controler on ClientView...
done.
Writing file: /comptes/E114420U/M2/option/com.mia.studio.ide-2015-09-10_11-50-35.gtk.x86_64/workspace/com.mia.banque.application.generated/src/com/mia/miniprojet/mvc2java/generation/ui/controler/IClientControler.java...
done.
Evaluation of class-view on ClientView...
done.
Writing file: /comptes/E114420U/M2/option/com.mia.studio.ide-2015-09-10_11-50-35.gtk.x86_64/workspace/com.mia.banque.application.generated/src/com/mia/miniprojet/mvc2java/generation/ui/view/swt/ClientView.java...
done.
Evaluation of interface-view on CompteView...
done.
Writing file: /comptes/E114420U/M2/option/com.mia.studio.ide-2015-09-10_11-50-35.gtk.x86_64/workspace/com.mia.banque.application.generated/src/com/mia/miniprojet/mvc2java/generation/ui/view/ICompteView.java...
done.
Evaluation of interface-controler on CompteView...
done.
Writing file: /comptes/E114420U/M2/option/com.mia.studio.ide-2015-09-10_11-50-35.gtk.x86_64/workspace/com.mia.banque.application.generated/src/com/mia/miniprojet/mvc2java/generation/ui/controler/ICompteControler.java...
done.
Evaluation of class-view on CompteView...
done.
Writing file: /comptes/E114420U/M2/option/com.mia.studio.ide-2015-09-10_11-50-35.gtk.x86_64/workspace/com.mia.banque.application.generated/src/com/mia/miniprojet/mvc2java/generation/ui/view/swt/CompteView.java...
done.
Evaluation of interface-view on OperationView...
done.
Writing file: /comptes/E114420U/M2/option/com.mia.studio.ide-2015-09-10_11-50-35.gtk.x86_64/workspace/com.mia.banque.application.generated/src/com/mia/miniprojet/mvc2java/generation/ui/view/IOperationView.java...
done.
Evaluation of interface-controler on OperationView...
done.
Writing file: /comptes/E114420U/M2/option/com.mia.studio.ide-2015-09-10_11-50-35.gtk.x86_64/workspace/com.mia.banque.application.generated/src/com/mia/miniprojet/mvc2java/generation/ui/controler/IOperationControler.java...
done.
Evaluation of class-view on OperationView...
done.
Writing file: /comptes/E114420U/M2/option/com.mia.studio.ide-2015-09-10_11-50-35.gtk.x86_64/workspace/com.mia.banque.application.generated/src/com/mia/miniprojet/mvc2java/generation/ui/view/swt/OperationView.java...
done.
ven. 13 nov. 15 -- 12:07:37:558 : COMPLETED
