[Generation License information] 13/11/15 09:45 Previous used configuration : Architect Enterprise.
Connecting to license manager...
[Generation License information] 13/11/15 09:45 Connected to license manager : BLM
[Generation License information] 13/11/15 09:45 Testing availability for feature named "MIA_GEN_DEVELOPER" : available
[Generation License information] 13/11/15 09:45 Testing availability for feature named "MIA_GEN_ARCHITECT" : available
[Generation License information] 13/11/15 09:45 Retrieving licenses information from : /comptes/E114420U/M2/option/com.mia.studio.ide-2015-09-10_11-50-35.gtk.x86_64/licenses/license.dat
[Generation License information] 13/11/15 09:45 Obtained feature : MIA_GEN_ARCHITECT
[Generation License information] 13/11/15 09:45 Feature provided by : /comptes/E114420U/M2/option/com.mia.studio.ide-2015-09-10_11-50-35.gtk.x86_64/licenses/license.dat
[Generation License information] 13/11/15 09:45 Current configuration : ARCHITECT ENTERPRISE
[Mia-Studio Log information] Log messages will be archived into /comptes/E114420U/M2/option/com.mia.studio.ide-2015-09-10_11-50-35.gtk.x86_64/workspace/.metadata/.plugins/com.mia.studio.common.core/9.2/Mia-Generation/log
/com.mia.studio.ide-2015-09-10_11-50-35.gtk.x86_64/licenses/license.dat
[Generation License information] 13/11/15 09:45 Obtained feature : MIA_GEN_ARCHITECT
[Generation License information] 13/11/15 09:45 Obtained feature : MIA_GEN_ARCHITECT
[Generation License information] 13/11/15 09:45 Feature provided by : /comptes/E114420U/M2/option/com.mia.studio.ide-2015-09-10_11-50-35.gtk.x86_64/licenses/license.dat
[Generation License information] 13/11/15 09:45 Feature provided by : /comptes/E114420U/M2/option/com.mia.studio.ide-2015-09-10_11-50-35.gtk.x86_64/licenses/license.dat
[Generation License information] 13/11/15 09:45 Current configuration : ARCHITECT ENTERPRISE
[Generation License information] 13/11/15 09:45 Current configuration : ARCHITECT ENTERPRISE
[Mia-Studio Log information] Log messages will be archived into /comptes/E114420U/M2/option/com.mia.studio.ide-2015-09-10_11-50-35.gtk.x86_64/workspace/.metadata/.plugins/com.mia.studio.common.core/9.2/Mia-Generation/log
[Mia-Studio Log information] Log messages will be archived into /comptes/E114420U/M2/option/com.mia.studio.ide-2015-09-10_11-50-35.gtk.x86_64/workspace/.metadata/.plugins/com.mia.studio.common.core/9.2/Mia-Generation/log
[Transformation License information] 13/11/15 09:45 Previous used configuration : Architect Enterprise.
[Transformation License information] 13/11/15 09:45 Previous used configuration : Architect Enterprise.
Connecting to license manager...
Connecting to license manager...
[Transformation License information] 13/11/15 09:45 Connected to license manager : BLM
[Transformation License information] 13/11/15 09:45 Connected to license manager : BLM
[Transformation License information] 13/11/15 09:45 Testing availability for feature named "MIA_TRANS_ARCHITECT" : available
[Transformation License information] 13/11/15 09:45 Testing availability for feature named "MIA_TRANS_ARCHITECT" : available
[Transformation License information] 13/11/15 09:45 Testing availability for feature named "MIA_TRANS_DEVELOPER" : available
[Transformation License information] 13/11/15 09:45 Testing availability for feature named "MIA_TRANS_DEVELOPER" : available
[Transformation License information] 13/11/15 09:45 Retrieving licenses information from : /comptes/E114420U/M2/option/com.mia.studio.ide-2015-09-10_11-50-35.gtk.x86_64/licenses/license.dat
[Transformation License information] 13/11/15 09:45 Retrieving licenses information from : /comptes/E114420U/M2/option/com.mia.studio.ide-2015-09-10_11-50-35.gtk.x86_64/licenses/license.dat
[Transformation License information] 13/11/15 09:45 Obtained feature : MIA_TRANS_ARCHITECT
[Transformation License information] 13/11/15 09:45 Obtained feature : MIA_TRANS_ARCHITECT
[Transformation License information] 13/11/15 09:45 Feature provided by : /comptes/E114420U/M2/option/com.mia.studio.ide-2015-09-10_11-50-35.gtk.x86_64/licenses/license.dat
[Transformation License information] 13/11/15 09:45 Feature provided by : /comptes/E114420U/M2/option/com.mia.studio.ide-2015-09-10_11-50-35.gtk.x86_64/licenses/license.dat
[Transformation License information] 13/11/15 09:45 Current configuration : ARCHITECT ENTERPRISE
[Transformation License information] 13/11/15 09:45 Current configuration : ARCHITECT ENTERPRISE
